<?xml version="1.0" encoding="UTF-8"?>
<!-- Generated by org.testng.reporters.JUnitXMLReporter -->
<testsuite ignored="0" hostname="DESKTOP-A44PTPU" failures="0" tests="5" name="Musala" time="1.948" errors="0" timestamp="2023-04-20T01:33:25 CEST">
  <testcase classname="TestCase1" name="@BeforeMethod openApp" time="1.873">
    <failure type="java.lang.NullPointerException">
      <![CDATA[java.lang.NullPointerException
at TestCase1.openApp(TestCase1.java:27)
at java.base/java.util.ArrayList.forEach(ArrayList.java:1541)
at com.intellij.rt.testng.IDEARemoteTestNG.run(IDEARemoteTestNG.java:66)
at com.intellij.rt.testng.RemoteTestNGStarter.main(RemoteTestNGStarter.java:109)
... Removed 28 stack frames]]>
    </failure>
  </testcase> <!-- @BeforeMethod openApp -->
  <testcase classname="TestCase1" name="@AfterMethod tearDown" time="0.0">
    <skipped/>
  </testcase> <!-- @AfterMethod tearDown -->
  <testcase classname="TestCase1" name="@BeforeMethod openApp" time="0.0">
    <skipped/>
  </testcase> <!-- @BeforeMethod openApp -->
  <testcase classname="TestCase1" name="@AfterMethod tearDown" time="0.0">
    <skipped/>
  </testcase> <!-- @AfterMethod tearDown -->
  <testcase classname="TestCase1" name="@BeforeMethod openApp" time="0.0">
    <skipped/>
  </testcase> <!-- @BeforeMethod openApp -->
  <testcase classname="TestCase1" name="@AfterMethod tearDown" time="0.0">
    <skipped/>
  </testcase> <!-- @AfterMethod tearDown -->
  <testcase classname="TestCase1" name="@BeforeMethod openApp" time="0.0">
    <skipped/>
  </testcase> <!-- @BeforeMethod openApp -->
  <testcase classname="TestCase1" name="@AfterMethod tearDown" time="0.0">
    <skipped/>
  </testcase> <!-- @AfterMethod tearDown -->
  <testcase classname="TestCase1" name="@BeforeMethod openApp" time="0.0">
    <skipped/>
  </testcase> <!-- @BeforeMethod openApp -->
  <testcase classname="TestCase1" name="@AfterMethod tearDown" time="0.0">
    <skipped/>
  </testcase> <!-- @AfterMethod tearDown -->
  <testcase classname="TestCase1" name="Test1" time="0.0">
    <skipped/>
  </testcase> <!-- Test1 -->
  <testcase classname="TestCase1" name="Test1" time="0.0">
    <skipped/>
  </testcase> <!-- Test1 -->
  <testcase classname="TestCase1" name="Test1" time="0.0">
    <skipped/>
  </testcase> <!-- Test1 -->
  <testcase classname="TestCase1" name="Test1" time="0.0">
    <skipped/>
  </testcase> <!-- Test1 -->
  <testcase classname="TestCase1" name="Test1" time="0.0">
    <skipped/>
  </testcase> <!-- Test1 -->
</testsuite> <!-- Musala -->
